========== Connected by ('127.0.0.1', 37158) ========== teste:teste123, successful auth
proxy[6900] -> 64000000008074657374650000000000000000000000000000000e74daba74657374653132330000000000000000000000000000000001
server[6900] <- c40ae0000319957281841e006c21a8400000000000000000000000000000000000000000000000000000000000000163393838616135663634636132616533007f000001e91772617468656e61000000000000000000000000000000000000000000000000000000000000000000000000000000000000000000000000000000000000000000000000000000000000000000000000000000000000000000000000000000000000000000000000000000000000000000000000000000000000000000000000000000000000000000000000000000000000000000000000000000
                                                                                                                                                |srv_ip|
========== Connected by ('127.0.0.1', 44906) ========== teste:teste123, successful auth
proxy[6900] -> 64000000008074657374650000000000000000000000000000000e74daba74657374653132330000000000000000000000000000000001
              |            |username|                                |password            |
server[6900] <- c40ae000e2d65a2e81841e0047c3f95c0000000000000000000000000000000000000000000000000000000000000164383634376332343831633337323963007f000001e91772617468656e61000000000000000000000000000000000000000000000000000000000000000000000000000000000000000000000000000000000000000000000000000000000000000000000000000000000000000000000000000000000000000000000000000000000000000000000000000000000000000000000000000000000000000000000000000000000000000000000000000000
                                                                                                                                                |srv_ip|
========== Connected by ('127.0.0.1', 43884) ========== nonuser:nonpass, failed auth
proxy[6900] -> 6400000000806e6f6e75736572000000000000000000000000000e74daba6e6f6e70617373000000000000000000000000000000000001
              |            |username    |                            |password            |
server[6900] <- 3e08000000000000000000000000000000000000000000000000
========== Connected by ('127.0.0.1', 37130) ========== novoteste_F:PASSWORD, successful account creation
proxy[6900] -> 6400000000806e6f766f74657374655f460000000000000000000e74daba50415353574f52440000000000000000000000000000000001
              |            |username           |                     |password            |
server[6900] <- c40ae000126ba16382841e00619cea640000000000000000000000000000000000000000000000000000000000000036623136373965303837383063346630007f000001e91772617468656e61000000000000000000000000000000000000000000000000000000000000000000000000000000000000000000000000000000000000000000000000000000000000000000000000000000000000000000000000000000000000000000000000000000000000000000000000000000000000000000000000000000000000000000000000000000000000000000000000000000
                                                                                                                                                |srv_ip|
========== Connected by ('127.0.0.1', 56978) ========== novoteste:PASSWORD, successful auth
proxy[6900] -> 6400000000806e6f766f746573746500460000000000000000000e74daba50415353574f52440000000000000000000000000000000001
              |            |username        |                        |password            |
server[6900] <- c40ae000198b096482841e0077fae3570000000000000000000000000000000000000000000000000000000000000033356261653331643366633261363435007f000001e91772617468656e61000000000000000000000000000000000000000000000000000000000000000000000000000000000000000000000000000000000000000000000000000000000000000000000000000000000000000000000000000000000000000000000000000000000000000000000000000000000000000000000000000000000000000000000000000000000000000000000000000000
                                                                                                                                                |srv_ip|
========== Connected by ('127.0.0.1', 40110) ========== AAAAAA:BBBBBB, failed auth
proxy[6900] -> 64000000008041414141414100746500460000000000000000000e74daba42424242424200440000000000000000000000000000000001
              |            |username|                                |password            |
server[6900] <- 3e08000000000000000000000000000000000000000000000000

packetid        don't know                                                                   end     ascii, web auth token       end  ipaddr        server_name            padding zero bytes
c40ae000 0319957281841e006c21a840000000000000000000000000000000000000000000000000000000000000 01 63393838616135663634636132616533 00 7f000001 e917 72617468656e61 000000000000000000000000000000000000000000000000000000000000000000000000000000000000000000000000000000000000000000000000000000000000000000000000000000000000000000000000000000000000000000000000000000000000000000000000000000000000000000000000000000000000000000000000000000000000000000000000000000
c40ae000 e2d65a2e81841e0047c3f95c000000000000000000000000000000000000000000000000000000000000 01 64383634376332343831633337323963 00 7f000001 e917 72617468656e61 000000000000000000000000000000000000000000000000000000000000000000000000000000000000000000000000000000000000000000000000000000000000000000000000000000000000000000000000000000000000000000000000000000000000000000000000000000000000000000000000000000000000000000000000000000000000000000000000000000
c40ae000 126ba16382841e00619cea64000000000000000000000000000000000000000000000000000000000000 00 36623136373965303837383063346630 00 7f000001 e917 72617468656e61 000000000000000000000000000000000000000000000000000000000000000000000000000000000000000000000000000000000000000000000000000000000000000000000000000000000000000000000000000000000000000000000000000000000000000000000000000000000000000000000000000000000000000000000000000000000000000000000000000000
c40ae000 198b096482841e0077fae357000000000000000000000000000000000000000000000000000000000000 00 33356261653331643366633261363435 00 7f000001 e917 72617468656e61 000000000000000000000000000000000000000000000000000000000000000000000000000000000000000000000000000000000000000000000000000000000000000000000000000000000000000000000000000000000000000000000000000000000000000000000000000000000000000000000000000000000000000000000000000000000000000000000000000000
c40ae000 d6a8374881841e002f54d742000000000000000000000000000000000000000000000000000000000000 01 34373933353066653634313930323136 00 7f000001 e917 72617468656e61 000000000000000000000000000000000000000000000000000000000000000000000000000000000000000000000000000000000000000000000000000000000000000000000000000000000000000000000000000000000000000000000000000000000000000000000000000000000000000000000000000000000000000000000000000000000000000000000000000000
c40ae000 035a5b6c82841e007458261f000000000000000000000000000000000000000000000000000000000000 00 36376366353262663639343832313234 00 7f000001 e917 72617468656e61 000000000000000000000000000000000000000000000000000000000000000000000000000000000000000000000000000000000000000000000000000000000000000000000000000000000000000000000000000000000000000000000000000000000000000000000000000000000000000000000000000000000000000000000000000000000000000000000000000000
c40ae000 df3dd13781841e00321e0805000000000000000000000000000000000000000000000000000000000000 01 34656231643132363266316663656230 00 7f000001 e917 72617468656e61 000000000000000000000000000000000000000000000000000000000000000000000000000000000000000000000000000000000000000000000000000000000000000000000000000000000000000000000000000000000000000000000000000000000000000000000000000000000000000000000000000000000000000000000000000000000000000000000000000000
c40ae000 290ba02683841e003ab80c20000000000000000000000000000000000000000000000000000000000000 01 65623137396662396139393862346232 00 7f000001 e917 72617468656e61 000000000000000000000000000000000000000000000000000000000000000000000000000000000000000000000000000000000000000000000000000000000000000000000000000000000000000000000000000000000000000000000000000000000000000000000000000000000000000000000000000000000000000000000000000000000000000000000000000000
c40ae000 a48c243f83841e00d6249148000000000000000000000000000000000000000000000000000000000000 01 33626434633736356664666333383230 00 7f000001 e917 72617468656e61 000000000000000000000000000000000000000000000000000000000000000000000000000000000000000000000000000000000000000000000000000000000000000000000000000000000000000000000000000000000000000000000000000000000000000000000000000000000000000000000000000000000000000000000000000000000000000000000000000000
